0 info it worked if it ends with ok
1 verbose cli [ 'C:\\Program Files\\nodejs\\node.exe',
1 verbose cli   'C:\\Program Files\\nodejs\\node_modules\\npm\\bin\\npm-cli.js',
1 verbose cli   'install',
1 verbose cli   'cylon-raspi' ]
2 info using npm@2.14.7
3 info using node@v4.2.1
4 verbose install initial load of C:\JAVIER\node\Domotica\package.json
5 warn package.json @ No repository field.
6 warn package.json @ No license field.
7 verbose installManyTop reading scoped package data from C:\JAVIER\node\Domotica\node_modules\cylon\package.json
8 verbose installManyTop reading scoped package data from C:\JAVIER\node\Domotica\node_modules\cylon-gpio\package.json
9 verbose installManyTop reading scoped package data from C:\JAVIER\node\Domotica\node_modules\cylon-i2c\package.json
10 verbose installManyTop reading scoped package data from C:\JAVIER\node\Domotica\node_modules\cylon-intel-iot\package.json
11 verbose installManyTop reading scoped package data from C:\JAVIER\node\Domotica\node_modules\express\package.json
12 info package.json cylon@0.16.0 license should be a valid SPDX license expression
13 info package.json cylon-gpio@0.16.0 license should be a valid SPDX license expression
14 info package.json cylon-i2c@0.13.0 license should be a valid SPDX license expression
15 verbose readDependencies loading dependencies from C:\JAVIER\node\Domotica\package.json
16 silly cache add args [ 'cylon-raspi@^0.10.0', null ]
17 verbose cache add spec cylon-raspi@^0.10.0
18 silly cache add parsed spec Result {
18 silly cache add   raw: 'cylon-raspi@^0.10.0',
18 silly cache add   scope: null,
18 silly cache add   name: 'cylon-raspi',
18 silly cache add   rawSpec: '^0.10.0',
18 silly cache add   spec: '>=0.10.0 <0.11.0',
18 silly cache add   type: 'range' }
19 silly addNamed cylon-raspi@>=0.10.0 <0.11.0
20 verbose addNamed ">=0.10.0 <0.11.0" is a valid semver range for cylon-raspi
21 silly addNameRange { name: 'cylon-raspi',
21 silly addNameRange   range: '>=0.10.0 <0.11.0',
21 silly addNameRange   hasData: false }
22 silly mapToRegistry name cylon-raspi
23 silly mapToRegistry using default registry
24 silly mapToRegistry registry https://registry.npmjs.org/
25 silly mapToRegistry uri https://registry.npmjs.org/cylon-raspi
26 verbose addNameRange registry:https://registry.npmjs.org/cylon-raspi not in flight; fetching
27 verbose request uri https://registry.npmjs.org/cylon-raspi
28 verbose request no auth needed
29 info attempt registry request try #1 at 08:43:24
30 verbose request id 262d6a477630e3b4
31 verbose etag "CAWLIVLJKEPK8NQV8ZK26X8FG"
32 http request GET https://registry.npmjs.org/cylon-raspi
33 http 304 https://registry.npmjs.org/cylon-raspi
34 verbose headers { date: 'Fri, 15 Jan 2016 07:43:24 GMT',
34 verbose headers   via: '1.1 varnish',
34 verbose headers   'cache-control': 'max-age=300',
34 verbose headers   etag: '"CAWLIVLJKEPK8NQV8ZK26X8FG"',
34 verbose headers   age: '0',
34 verbose headers   connection: 'keep-alive',
34 verbose headers   'x-served-by': 'cache-lcy1128-LCY',
34 verbose headers   'x-cache': 'MISS',
34 verbose headers   'x-cache-hits': '0',
34 verbose headers   'x-timer': 'S1452843804.714471,VS0,VE260',
34 verbose headers   vary: 'Accept' }
35 silly get cb [ 304,
35 silly get   { date: 'Fri, 15 Jan 2016 07:43:24 GMT',
35 silly get     via: '1.1 varnish',
35 silly get     'cache-control': 'max-age=300',
35 silly get     etag: '"CAWLIVLJKEPK8NQV8ZK26X8FG"',
35 silly get     age: '0',
35 silly get     connection: 'keep-alive',
35 silly get     'x-served-by': 'cache-lcy1128-LCY',
35 silly get     'x-cache': 'MISS',
35 silly get     'x-cache-hits': '0',
35 silly get     'x-timer': 'S1452843804.714471,VS0,VE260',
35 silly get     vary: 'Accept' } ]
36 verbose etag https://registry.npmjs.org/cylon-raspi from cache
37 verbose get saving cylon-raspi to C:\Users\D692832\AppData\Roaming\npm-cache\registry.npmjs.org\cylon-raspi\.cache.json
38 silly addNameRange number 2 { name: 'cylon-raspi', range: '>=0.10.0 <0.11.0', hasData: true }
39 silly addNameRange versions [ 'cylon-raspi',
39 silly addNameRange   [ '0.1.0',
39 silly addNameRange     '0.2.0',
39 silly addNameRange     '0.3.0',
39 silly addNameRange     '0.4.0',
39 silly addNameRange     '0.5.0',
39 silly addNameRange     '0.6.1',
39 silly addNameRange     '0.6.2',
39 silly addNameRange     '0.7.0',
39 silly addNameRange     '0.8.0',
39 silly addNameRange     '0.8.1',
39 silly addNameRange     '0.9.0',
39 silly addNameRange     '0.9.1',
39 silly addNameRange     '0.10.0',
39 silly addNameRange     '0.11.0',
39 silly addNameRange     '0.12.0',
39 silly addNameRange     '0.13.0',
39 silly addNameRange     '0.14.0',
39 silly addNameRange     '0.14.1',
39 silly addNameRange     '0.15.0',
39 silly addNameRange     '0.15.1',
39 silly addNameRange     '0.15.2',
39 silly addNameRange     '0.15.3',
39 silly addNameRange     '0.16.0',
39 silly addNameRange     '0.17.0',
39 silly addNameRange     '0.18.0' ] ]
40 silly addNamed cylon-raspi@0.10.0
41 verbose addNamed "0.10.0" is a plain semver version for cylon-raspi
42 silly cache afterAdd cylon-raspi@0.10.0
43 verbose afterAdd C:\Users\D692832\AppData\Roaming\npm-cache\cylon-raspi\0.10.0\package\package.json not in flight; writing
44 verbose afterAdd C:\Users\D692832\AppData\Roaming\npm-cache\cylon-raspi\0.10.0\package\package.json written
45 silly install resolved [ { name: 'cylon-raspi',
45 silly install resolved     version: '0.10.0',
45 silly install resolved     main: 'lib/cylon-raspi.js',
45 silly install resolved     description: 'Cylon adaptor for Raspberry Pi',
45 silly install resolved     homepage: 'http://cylonjs.com',
45 silly install resolved     bugs: { url: 'https://github.com/hybridgroup/cylon-raspi/issues' },
45 silly install resolved     author: { name: 'The Hybrid Group', email: 'cylonjs@hybridgroup.com' },
45 silly install resolved     repository:
45 silly install resolved      { type: 'git',
45 silly install resolved        url: 'git+https://github.com/hybridgroup/cylon-raspi.git' },
45 silly install resolved     license: 'Apache 2.0',
45 silly install resolved     devDependencies:
45 silly install resolved      { 'sinon-chai': '~2.4.0',
45 silly install resolved        chai: '~1.7.2',
45 silly install resolved        mocha: '~1.12.1',
45 silly install resolved        sinon: '~1.7.3',
45 silly install resolved        jshint: '~2.4.4' },
45 silly install resolved     peerDependencies:
45 silly install resolved      { cylon: '>= 0.16.0 < 1',
45 silly install resolved        'cylon-gpio': '>= 0.16.0 < 1',
45 silly install resolved        'cylon-i2c': '>= 0.13.0 < 1' },
45 silly install resolved     dependencies:
45 silly install resolved      { cylon: '~0.16.0',
45 silly install resolved        'cylon-gpio': '~0.16.0',
45 silly install resolved        i2c: '>=0.1.4',
45 silly install resolved        'cylon-i2c': '~0.13.0' },
45 silly install resolved     gitHead: 'd758c0aac81bb022bf15cae6e7a0a6450927d5f0',
45 silly install resolved     _id: 'cylon-raspi@0.10.0',
45 silly install resolved     scripts: {},
45 silly install resolved     _shasum: 'a037b161e39c848bea074d30a937607eb6b7328c',
45 silly install resolved     _from: 'cylon-raspi@>=0.10.0 <0.11.0',
45 silly install resolved     _npmVersion: '1.4.16',
45 silly install resolved     _npmUser: { name: 'andrewstewart', email: 'andrew@stwrt.ca' },
45 silly install resolved     maintainers: [ [Object], [Object], [Object], [Object] ],
45 silly install resolved     dist:
45 silly install resolved      { shasum: 'a037b161e39c848bea074d30a937607eb6b7328c',
45 silly install resolved        tarball: 'http://registry.npmjs.org/cylon-raspi/-/cylon-raspi-0.10.0.tgz' },
45 silly install resolved     directories: {},
45 silly install resolved     _resolved: 'https://registry.npmjs.org/cylon-raspi/-/cylon-raspi-0.10.0.tgz',
45 silly install resolved     readme: 'ERROR: No README data found!' } ]
46 info install cylon-raspi@0.10.0 into C:\JAVIER\node\Domotica
47 info installOne cylon-raspi@0.10.0
48 verbose installOne of cylon-raspi to C:\JAVIER\node\Domotica not in flight; installing
49 verbose lock using C:\Users\D692832\AppData\Roaming\npm-cache\_locks\cylon-raspi-9bdf8ed318b7a79d.lock for C:\JAVIER\node\Domotica\node_modules\cylon-raspi
50 silly install write writing cylon-raspi 0.10.0 to C:\JAVIER\node\Domotica\node_modules\cylon-raspi
51 verbose unbuild node_modules\cylon-raspi
52 silly gentlyRm C:\JAVIER\node\Domotica\node_modules\cylon-raspi is being purged from base C:\JAVIER\node\Domotica
53 verbose gentlyRm don't care about contents; nuking C:\JAVIER\node\Domotica\node_modules\cylon-raspi
54 verbose tar unpack C:\Users\D692832\AppData\Roaming\npm-cache\cylon-raspi\0.10.0\package.tgz
55 verbose tar unpacking to C:\JAVIER\node\Domotica\node_modules\cylon-raspi
56 silly gentlyRm C:\JAVIER\node\Domotica\node_modules\cylon-raspi is being purged
57 verbose gentlyRm don't care about contents; nuking C:\JAVIER\node\Domotica\node_modules\cylon-raspi
58 silly gunzTarPerm modes [ '777', '666' ]
59 silly gunzTarPerm extractEntry package.json
60 silly gunzTarPerm modified mode [ 'package.json', 420, 438 ]
61 silly gunzTarPerm extractEntry .npmignore
62 silly gunzTarPerm modified mode [ '.npmignore', 420, 438 ]
63 silly gunzTarPerm extractEntry README.md
64 silly gunzTarPerm modified mode [ 'README.md', 420, 438 ]
65 silly gunzTarPerm extractEntry LICENSE
66 silly gunzTarPerm modified mode [ 'LICENSE', 420, 438 ]
67 silly gunzTarPerm extractEntry Makefile
68 silly gunzTarPerm modified mode [ 'Makefile', 420, 438 ]
69 silly gunzTarPerm extractEntry .jshintrc
70 silly gunzTarPerm modified mode [ '.jshintrc', 420, 438 ]
71 silly gunzTarPerm extractEntry examples/blink/blink.js
72 silly gunzTarPerm modified mode [ 'examples/blink/blink.js', 420, 438 ]
73 silly gunzTarPerm extractEntry examples/blink/blink.markdown
74 silly gunzTarPerm modified mode [ 'examples/blink/blink.markdown', 420, 438 ]
75 silly gunzTarPerm extractEntry examples/button/button.js
76 silly gunzTarPerm modified mode [ 'examples/button/button.js', 420, 438 ]
77 silly gunzTarPerm extractEntry examples/button/button.markdown
78 silly gunzTarPerm modified mode [ 'examples/button/button.markdown', 420, 438 ]
79 silly gunzTarPerm extractEntry examples/i2c/i2c.js
80 silly gunzTarPerm modified mode [ 'examples/i2c/i2c.js', 420, 438 ]
81 silly gunzTarPerm extractEntry examples/i2c/i2c.markdown
82 silly gunzTarPerm modified mode [ 'examples/i2c/i2c.markdown', 420, 438 ]
83 silly gunzTarPerm extractEntry examples/led_brightness/led_brightness.js
84 silly gunzTarPerm modified mode [ 'examples/led_brightness/led_brightness.js', 420, 438 ]
85 silly gunzTarPerm extractEntry examples/led_brightness/led_brightness.markdown
86 silly gunzTarPerm modified mode [ 'examples/led_brightness/led_brightness.markdown', 420, 438 ]
87 silly gunzTarPerm extractEntry examples/servo/servo.js
88 silly gunzTarPerm modified mode [ 'examples/servo/servo.js', 420, 438 ]
89 silly gunzTarPerm extractEntry examples/servo/servo.markdown
90 silly gunzTarPerm modified mode [ 'examples/servo/servo.markdown', 420, 438 ]
91 silly gunzTarPerm extractEntry lib/cylon-raspi.js
92 silly gunzTarPerm modified mode [ 'lib/cylon-raspi.js', 420, 438 ]
93 silly gunzTarPerm extractEntry lib/i2c-device.js
94 silly gunzTarPerm modified mode [ 'lib/i2c-device.js', 420, 438 ]
95 silly gunzTarPerm extractEntry lib/pwm-pin.js
96 silly gunzTarPerm modified mode [ 'lib/pwm-pin.js', 420, 438 ]
97 silly gunzTarPerm extractEntry lib/raspi.js
98 silly gunzTarPerm modified mode [ 'lib/raspi.js', 420, 438 ]
99 silly gunzTarPerm extractEntry .travis.yml
100 silly gunzTarPerm modified mode [ '.travis.yml', 420, 438 ]
101 silly gunzTarPerm extractEntry test/specs/cylon-raspi.spec.js
102 silly gunzTarPerm modified mode [ 'test/specs/cylon-raspi.spec.js', 420, 438 ]
103 silly gunzTarPerm extractEntry test/specs/i2c-device.spec.js
104 silly gunzTarPerm modified mode [ 'test/specs/i2c-device.spec.js', 420, 438 ]
105 silly gunzTarPerm extractEntry test/specs/pwm-pin.spec.js
106 silly gunzTarPerm modified mode [ 'test/specs/pwm-pin.spec.js', 420, 438 ]
107 silly gunzTarPerm extractEntry test/specs/raspi.spec.js
108 silly gunzTarPerm modified mode [ 'test/specs/raspi.spec.js', 420, 438 ]
109 silly gunzTarPerm extractEntry test/support/globals.js
110 silly gunzTarPerm modified mode [ 'test/support/globals.js', 420, 438 ]
111 silly gunzTarPerm extractEntry test/support/runner.js
112 silly gunzTarPerm modified mode [ 'test/support/runner.js', 420, 438 ]
113 verbose write writing to C:\JAVIER\node\Domotica\node_modules\cylon-raspi\package.json
114 info preinstall cylon-raspi@0.10.0
115 verbose readDependencies loading dependencies from C:\JAVIER\node\Domotica\node_modules\cylon-raspi\package.json
116 silly prepareForInstallMany adding i2c@>=0.1.4 from cylon-raspi dependencies
117 verbose readDependencies loading dependencies from C:\JAVIER\node\Domotica\node_modules\cylon-raspi\package.json
118 silly cache add args [ 'i2c@>=0.1.4', null ]
119 verbose cache add spec i2c@>=0.1.4
120 silly cache add parsed spec Result {
120 silly cache add   raw: 'i2c@>=0.1.4',
120 silly cache add   scope: null,
120 silly cache add   name: 'i2c',
120 silly cache add   rawSpec: '>=0.1.4',
120 silly cache add   spec: '>=0.1.4',
120 silly cache add   type: 'range' }
121 silly addNamed i2c@>=0.1.4
122 verbose addNamed ">=0.1.4" is a valid semver range for i2c
123 silly addNameRange { name: 'i2c', range: '>=0.1.4', hasData: false }
124 silly mapToRegistry name i2c
125 silly mapToRegistry using default registry
126 silly mapToRegistry registry https://registry.npmjs.org/
127 silly mapToRegistry uri https://registry.npmjs.org/i2c
128 verbose addNameRange registry:https://registry.npmjs.org/i2c not in flight; fetching
129 verbose request uri https://registry.npmjs.org/i2c
130 verbose request no auth needed
131 info attempt registry request try #1 at 08:43:25
132 verbose etag "2US7AV2E523LRIDUMG1NU426P"
133 http request GET https://registry.npmjs.org/i2c
134 http 304 https://registry.npmjs.org/i2c
135 verbose headers { date: 'Fri, 15 Jan 2016 07:43:25 GMT',
135 verbose headers   via: '1.1 varnish',
135 verbose headers   'cache-control': 'max-age=300',
135 verbose headers   etag: '"2US7AV2E523LRIDUMG1NU426P"',
135 verbose headers   age: '0',
135 verbose headers   connection: 'keep-alive',
135 verbose headers   'x-served-by': 'cache-lcy1120-LCY',
135 verbose headers   'x-cache': 'MISS',
135 verbose headers   'x-cache-hits': '0',
135 verbose headers   'x-timer': 'S1452843805.320596,VS0,VE450',
135 verbose headers   vary: 'Accept' }
136 silly get cb [ 304,
136 silly get   { date: 'Fri, 15 Jan 2016 07:43:25 GMT',
136 silly get     via: '1.1 varnish',
136 silly get     'cache-control': 'max-age=300',
136 silly get     etag: '"2US7AV2E523LRIDUMG1NU426P"',
136 silly get     age: '0',
136 silly get     connection: 'keep-alive',
136 silly get     'x-served-by': 'cache-lcy1120-LCY',
136 silly get     'x-cache': 'MISS',
136 silly get     'x-cache-hits': '0',
136 silly get     'x-timer': 'S1452843805.320596,VS0,VE450',
136 silly get     vary: 'Accept' } ]
137 verbose etag https://registry.npmjs.org/i2c from cache
138 verbose get saving i2c to C:\Users\D692832\AppData\Roaming\npm-cache\registry.npmjs.org\i2c\.cache.json
139 silly addNameRange number 2 { name: 'i2c', range: '>=0.1.4', hasData: true }
140 silly addNameRange versions [ 'i2c',
140 silly addNameRange   [ '0.0.1',
140 silly addNameRange     '0.0.2',
140 silly addNameRange     '0.0.3',
140 silly addNameRange     '0.0.4',
140 silly addNameRange     '0.0.5',
140 silly addNameRange     '0.1.0',
140 silly addNameRange     '0.1.1',
140 silly addNameRange     '0.1.2',
140 silly addNameRange     '0.1.3',
140 silly addNameRange     '0.1.4',
140 silly addNameRange     '0.1.5',
140 silly addNameRange     '0.1.6',
140 silly addNameRange     '0.1.7',
140 silly addNameRange     '0.1.8',
140 silly addNameRange     '0.2.0',
140 silly addNameRange     '0.2.1' ] ]
141 silly addNamed i2c@0.2.1
142 verbose addNamed "0.2.1" is a plain semver version for i2c
143 silly cache afterAdd i2c@0.2.1
144 verbose afterAdd C:\Users\D692832\AppData\Roaming\npm-cache\i2c\0.2.1\package\package.json not in flight; writing
145 verbose afterAdd C:\Users\D692832\AppData\Roaming\npm-cache\i2c\0.2.1\package\package.json written
146 silly install resolved [ { name: 'i2c',
146 silly install resolved     version: '0.2.1',
146 silly install resolved     description: 'Native bindings for i2c-dev. Plays well with Raspberry Pi and BeagleBone.',
146 silly install resolved     main: 'main.js',
146 silly install resolved     author: { name: 'Kelly Korevec' },
146 silly install resolved     repository:
146 silly install resolved      { type: 'git',
146 silly install resolved        url: 'git+ssh://git@github.com/korevec/node-i2c.git' },
146 silly install resolved     license: 'BSD',
146 silly install resolved     dependencies:
146 silly install resolved      { bindings: '1.2.1',
146 silly install resolved        underscore: '1.8.2',
146 silly install resolved        'coffee-script': '1.9.1',
146 silly install resolved        repl: '0.1.3' },
146 silly install resolved     engine: 'node >= 0.12.0',
146 silly install resolved     scripts: { install: 'node-gyp rebuild' },
146 silly install resolved     gypfile: true,
146 silly install resolved     bugs: { url: 'https://github.com/korevec/node-i2c/issues' },
146 silly install resolved     homepage: 'https://github.com/korevec/node-i2c',
146 silly install resolved     _id: 'i2c@0.2.1',
146 silly install resolved     dist:
146 silly install resolved      { shasum: 'e5687031c60acf09aa7ea9d35221a9e9161e0abc',
146 silly install resolved        tarball: 'http://registry.npmjs.org/i2c/-/i2c-0.2.1.tgz' },
146 silly install resolved     _from: 'i2c@>=0.1.4',
146 silly install resolved     _npmVersion: '1.3.14',
146 silly install resolved     _npmUser: { name: 'kelly', email: 'korevec@gmail.com' },
146 silly install resolved     maintainers: [ [Object] ],
146 silly install resolved     directories: {},
146 silly install resolved     _shasum: 'e5687031c60acf09aa7ea9d35221a9e9161e0abc',
146 silly install resolved     _resolved: 'https://registry.npmjs.org/i2c/-/i2c-0.2.1.tgz',
146 silly install resolved     readme: 'ERROR: No README data found!' } ]
147 info install i2c@0.2.1 into C:\JAVIER\node\Domotica\node_modules\cylon-raspi
148 info installOne i2c@0.2.1
149 verbose installOne of i2c to C:\JAVIER\node\Domotica\node_modules\cylon-raspi not in flight; installing
150 verbose lock using C:\Users\D692832\AppData\Roaming\npm-cache\_locks\i2c-2e6c0240f5f56793.lock for C:\JAVIER\node\Domotica\node_modules\cylon-raspi\node_modules\i2c
151 silly install write writing i2c 0.2.1 to C:\JAVIER\node\Domotica\node_modules\cylon-raspi\node_modules\i2c
152 verbose unbuild node_modules\cylon-raspi\node_modules\i2c
153 silly gentlyRm C:\JAVIER\node\Domotica\node_modules\cylon-raspi\node_modules\i2c is being purged from base C:\JAVIER\node\Domotica
154 verbose gentlyRm don't care about contents; nuking C:\JAVIER\node\Domotica\node_modules\cylon-raspi\node_modules\i2c
155 verbose tar unpack C:\Users\D692832\AppData\Roaming\npm-cache\i2c\0.2.1\package.tgz
156 verbose tar unpacking to C:\JAVIER\node\Domotica\node_modules\cylon-raspi\node_modules\i2c
157 silly gentlyRm C:\JAVIER\node\Domotica\node_modules\cylon-raspi\node_modules\i2c is being purged
158 verbose gentlyRm don't care about contents; nuking C:\JAVIER\node\Domotica\node_modules\cylon-raspi\node_modules\i2c
159 silly gunzTarPerm modes [ '777', '666' ]
160 silly gunzTarPerm extractEntry package.json
161 silly gunzTarPerm modified mode [ 'package.json', 420, 438 ]
162 silly gunzTarPerm extractEntry .npmignore
163 silly gunzTarPerm modified mode [ '.npmignore', 420, 438 ]
164 silly gunzTarPerm extractEntry README.md
165 silly gunzTarPerm modified mode [ 'README.md', 420, 438 ]
166 silly gunzTarPerm extractEntry LICENSE
167 silly gunzTarPerm modified mode [ 'LICENSE', 420, 438 ]
168 silly gunzTarPerm extractEntry main.js
169 silly gunzTarPerm modified mode [ 'main.js', 420, 438 ]
170 silly gunzTarPerm extractEntry binding.gyp
171 silly gunzTarPerm modified mode [ 'binding.gyp', 420, 438 ]
172 silly gunzTarPerm extractEntry examples/accelerometer/accel.coffee
173 silly gunzTarPerm modified mode [ 'examples/accelerometer/accel.coffee', 420, 438 ]
174 silly gunzTarPerm extractEntry examples/blinkm/blinkm.coffee
175 silly gunzTarPerm modified mode [ 'examples/blinkm/blinkm.coffee', 420, 438 ]
176 silly gunzTarPerm extractEntry lib/i2c.coffee
177 silly gunzTarPerm modified mode [ 'lib/i2c.coffee', 420, 438 ]
178 silly gunzTarPerm extractEntry src/i2c-dev.c
179 silly gunzTarPerm modified mode [ 'src/i2c-dev.c', 420, 438 ]
180 silly gunzTarPerm extractEntry src/i2c-dev.h
181 silly gunzTarPerm modified mode [ 'src/i2c-dev.h', 420, 438 ]
182 silly gunzTarPerm extractEntry src/i2c.cc
183 silly gunzTarPerm modified mode [ 'src/i2c.cc', 420, 438 ]
184 verbose write writing to C:\JAVIER\node\Domotica\node_modules\cylon-raspi\node_modules\i2c\package.json
185 info preinstall i2c@0.2.1
186 verbose readDependencies loading dependencies from C:\JAVIER\node\Domotica\node_modules\cylon-raspi\node_modules\i2c\package.json
187 silly prepareForInstallMany adding bindings@1.2.1 from i2c dependencies
188 silly prepareForInstallMany adding underscore@1.8.2 from i2c dependencies
189 silly prepareForInstallMany adding coffee-script@1.9.1 from i2c dependencies
190 silly prepareForInstallMany adding repl@0.1.3 from i2c dependencies
191 verbose readDependencies loading dependencies from C:\JAVIER\node\Domotica\node_modules\cylon-raspi\node_modules\i2c\package.json
192 silly cache add args [ 'bindings@1.2.1', null ]
193 verbose cache add spec bindings@1.2.1
194 silly cache add args [ 'underscore@1.8.2', null ]
195 verbose cache add spec underscore@1.8.2
196 silly cache add parsed spec Result {
196 silly cache add   raw: 'bindings@1.2.1',
196 silly cache add   scope: null,
196 silly cache add   name: 'bindings',
196 silly cache add   rawSpec: '1.2.1',
196 silly cache add   spec: '1.2.1',
196 silly cache add   type: 'version' }
197 silly addNamed bindings@1.2.1
198 verbose addNamed "1.2.1" is a plain semver version for bindings
199 silly mapToRegistry name bindings
200 silly mapToRegistry using default registry
201 silly mapToRegistry registry https://registry.npmjs.org/
202 silly mapToRegistry uri https://registry.npmjs.org/bindings
203 verbose addNameVersion registry:https://registry.npmjs.org/bindings not in flight; fetching
204 silly cache add parsed spec Result {
204 silly cache add   raw: 'underscore@1.8.2',
204 silly cache add   scope: null,
204 silly cache add   name: 'underscore',
204 silly cache add   rawSpec: '1.8.2',
204 silly cache add   spec: '1.8.2',
204 silly cache add   type: 'version' }
205 silly addNamed underscore@1.8.2
206 verbose addNamed "1.8.2" is a plain semver version for underscore
207 silly mapToRegistry name underscore
208 silly mapToRegistry using default registry
209 silly mapToRegistry registry https://registry.npmjs.org/
210 silly mapToRegistry uri https://registry.npmjs.org/underscore
211 verbose addNameVersion registry:https://registry.npmjs.org/underscore not in flight; fetching
212 silly cache add args [ 'coffee-script@1.9.1', null ]
213 verbose cache add spec coffee-script@1.9.1
214 silly cache add parsed spec Result {
214 silly cache add   raw: 'coffee-script@1.9.1',
214 silly cache add   scope: null,
214 silly cache add   name: 'coffee-script',
214 silly cache add   rawSpec: '1.9.1',
214 silly cache add   spec: '1.9.1',
214 silly cache add   type: 'version' }
215 silly addNamed coffee-script@1.9.1
216 verbose addNamed "1.9.1" is a plain semver version for coffee-script
217 silly mapToRegistry name coffee-script
218 silly mapToRegistry using default registry
219 silly mapToRegistry registry https://registry.npmjs.org/
220 silly mapToRegistry uri https://registry.npmjs.org/coffee-script
221 verbose addNameVersion registry:https://registry.npmjs.org/coffee-script not in flight; fetching
222 silly cache add args [ 'repl@0.1.3', null ]
223 verbose cache add spec repl@0.1.3
224 silly cache add parsed spec Result {
224 silly cache add   raw: 'repl@0.1.3',
224 silly cache add   scope: null,
224 silly cache add   name: 'repl',
224 silly cache add   rawSpec: '0.1.3',
224 silly cache add   spec: '0.1.3',
224 silly cache add   type: 'version' }
225 silly addNamed repl@0.1.3
226 verbose addNamed "0.1.3" is a plain semver version for repl
227 silly mapToRegistry name repl
228 silly mapToRegistry using default registry
229 silly mapToRegistry registry https://registry.npmjs.org/
230 silly mapToRegistry uri https://registry.npmjs.org/repl
231 verbose addNameVersion registry:https://registry.npmjs.org/repl not in flight; fetching
232 verbose request uri https://registry.npmjs.org/bindings
233 verbose request no auth needed
234 info attempt registry request try #1 at 08:43:25
235 verbose etag "1LLBF9OH58DLBEL4629U6032D"
236 http request GET https://registry.npmjs.org/bindings
237 verbose request uri https://registry.npmjs.org/underscore
238 verbose request no auth needed
239 info attempt registry request try #1 at 08:43:25
240 verbose etag "3N9HU4Q6RK35C9SJXSLI0NBUL"
241 http request GET https://registry.npmjs.org/underscore
242 verbose request uri https://registry.npmjs.org/coffee-script
243 verbose request no auth needed
244 info attempt registry request try #1 at 08:43:25
245 verbose etag "BTW1EX31JUZV4XX9BA824DTYT"
246 http request GET https://registry.npmjs.org/coffee-script
247 verbose request uri https://registry.npmjs.org/repl
248 verbose request no auth needed
249 info attempt registry request try #1 at 08:43:25
250 verbose etag "B2YIZ9SHIPM70CR4ZZI8WJ13O"
251 http request GET https://registry.npmjs.org/repl
252 http 304 https://registry.npmjs.org/underscore
253 verbose headers { date: 'Fri, 15 Jan 2016 07:43:26 GMT',
253 verbose headers   via: '1.1 varnish',
253 verbose headers   'cache-control': 'max-age=300',
253 verbose headers   etag: '"3N9HU4Q6RK35C9SJXSLI0NBUL"',
253 verbose headers   age: '205',
253 verbose headers   connection: 'keep-alive',
253 verbose headers   'x-served-by': 'cache-lcy1129-LCY',
253 verbose headers   'x-cache': 'HIT',
253 verbose headers   'x-cache-hits': '2',
253 verbose headers   'x-timer': 'S1452843806.052874,VS0,VE0',
253 verbose headers   vary: 'Accept' }
254 silly get cb [ 304,
254 silly get   { date: 'Fri, 15 Jan 2016 07:43:26 GMT',
254 silly get     via: '1.1 varnish',
254 silly get     'cache-control': 'max-age=300',
254 silly get     etag: '"3N9HU4Q6RK35C9SJXSLI0NBUL"',
254 silly get     age: '205',
254 silly get     connection: 'keep-alive',
254 silly get     'x-served-by': 'cache-lcy1129-LCY',
254 silly get     'x-cache': 'HIT',
254 silly get     'x-cache-hits': '2',
254 silly get     'x-timer': 'S1452843806.052874,VS0,VE0',
254 silly get     vary: 'Accept' } ]
255 verbose etag https://registry.npmjs.org/underscore from cache
256 verbose get saving underscore to C:\Users\D692832\AppData\Roaming\npm-cache\registry.npmjs.org\underscore\.cache.json
257 http 304 https://registry.npmjs.org/coffee-script
258 verbose headers { date: 'Fri, 15 Jan 2016 07:43:26 GMT',
258 verbose headers   via: '1.1 varnish',
258 verbose headers   'cache-control': 'max-age=300',
258 verbose headers   etag: '"BTW1EX31JUZV4XX9BA824DTYT"',
258 verbose headers   age: '85',
258 verbose headers   connection: 'keep-alive',
258 verbose headers   'x-served-by': 'cache-lcy1121-LCY',
258 verbose headers   'x-cache': 'HIT',
258 verbose headers   'x-cache-hits': '3',
258 verbose headers   'x-timer': 'S1452843806.055309,VS0,VE0',
258 verbose headers   vary: 'Accept' }
259 silly get cb [ 304,
259 silly get   { date: 'Fri, 15 Jan 2016 07:43:26 GMT',
259 silly get     via: '1.1 varnish',
259 silly get     'cache-control': 'max-age=300',
259 silly get     etag: '"BTW1EX31JUZV4XX9BA824DTYT"',
259 silly get     age: '85',
259 silly get     connection: 'keep-alive',
259 silly get     'x-served-by': 'cache-lcy1121-LCY',
259 silly get     'x-cache': 'HIT',
259 silly get     'x-cache-hits': '3',
259 silly get     'x-timer': 'S1452843806.055309,VS0,VE0',
259 silly get     vary: 'Accept' } ]
260 verbose etag https://registry.npmjs.org/coffee-script from cache
261 verbose get saving coffee-script to C:\Users\D692832\AppData\Roaming\npm-cache\registry.npmjs.org\coffee-script\.cache.json
262 silly cache afterAdd underscore@1.8.2
263 verbose afterAdd C:\Users\D692832\AppData\Roaming\npm-cache\underscore\1.8.2\package\package.json not in flight; writing
264 silly cache afterAdd coffee-script@1.9.1
265 verbose afterAdd C:\Users\D692832\AppData\Roaming\npm-cache\coffee-script\1.9.1\package\package.json not in flight; writing
266 verbose afterAdd C:\Users\D692832\AppData\Roaming\npm-cache\underscore\1.8.2\package\package.json written
267 verbose afterAdd C:\Users\D692832\AppData\Roaming\npm-cache\coffee-script\1.9.1\package\package.json written
268 http 304 https://registry.npmjs.org/bindings
269 verbose headers { date: 'Fri, 15 Jan 2016 07:43:26 GMT',
269 verbose headers   via: '1.1 varnish',
269 verbose headers   'cache-control': 'max-age=300',
269 verbose headers   etag: '"1LLBF9OH58DLBEL4629U6032D"',
269 verbose headers   age: '0',
269 verbose headers   connection: 'keep-alive',
269 verbose headers   'x-served-by': 'cache-lcy1125-LCY',
269 verbose headers   'x-cache': 'HIT',
269 verbose headers   'x-cache-hits': '1',
269 verbose headers   'x-timer': 'S1452843806.036596,VS0,VE91',
269 verbose headers   vary: 'Accept' }
270 silly get cb [ 304,
270 silly get   { date: 'Fri, 15 Jan 2016 07:43:26 GMT',
270 silly get     via: '1.1 varnish',
270 silly get     'cache-control': 'max-age=300',
270 silly get     etag: '"1LLBF9OH58DLBEL4629U6032D"',
270 silly get     age: '0',
270 silly get     connection: 'keep-alive',
270 silly get     'x-served-by': 'cache-lcy1125-LCY',
270 silly get     'x-cache': 'HIT',
270 silly get     'x-cache-hits': '1',
270 silly get     'x-timer': 'S1452843806.036596,VS0,VE91',
270 silly get     vary: 'Accept' } ]
271 verbose etag https://registry.npmjs.org/bindings from cache
272 verbose get saving bindings to C:\Users\D692832\AppData\Roaming\npm-cache\registry.npmjs.org\bindings\.cache.json
273 silly cache afterAdd bindings@1.2.1
274 verbose afterAdd C:\Users\D692832\AppData\Roaming\npm-cache\bindings\1.2.1\package\package.json not in flight; writing
275 verbose afterAdd C:\Users\D692832\AppData\Roaming\npm-cache\bindings\1.2.1\package\package.json written
276 http 304 https://registry.npmjs.org/repl
277 verbose headers { date: 'Fri, 15 Jan 2016 07:43:26 GMT',
277 verbose headers   via: '1.1 varnish',
277 verbose headers   'cache-control': 'max-age=300',
277 verbose headers   etag: '"B2YIZ9SHIPM70CR4ZZI8WJ13O"',
277 verbose headers   age: '0',
277 verbose headers   connection: 'keep-alive',
277 verbose headers   'x-served-by': 'cache-lcy1130-LCY',
277 verbose headers   'x-cache': 'MISS',
277 verbose headers   'x-cache-hits': '0',
277 verbose headers   'x-timer': 'S1452843806.039965,VS0,VE607',
277 verbose headers   vary: 'Accept' }
278 silly get cb [ 304,
278 silly get   { date: 'Fri, 15 Jan 2016 07:43:26 GMT',
278 silly get     via: '1.1 varnish',
278 silly get     'cache-control': 'max-age=300',
278 silly get     etag: '"B2YIZ9SHIPM70CR4ZZI8WJ13O"',
278 silly get     age: '0',
278 silly get     connection: 'keep-alive',
278 silly get     'x-served-by': 'cache-lcy1130-LCY',
278 silly get     'x-cache': 'MISS',
278 silly get     'x-cache-hits': '0',
278 silly get     'x-timer': 'S1452843806.039965,VS0,VE607',
278 silly get     vary: 'Accept' } ]
279 verbose etag https://registry.npmjs.org/repl from cache
280 verbose get saving repl to C:\Users\D692832\AppData\Roaming\npm-cache\registry.npmjs.org\repl\.cache.json
281 silly cache afterAdd repl@0.1.3
282 verbose afterAdd C:\Users\D692832\AppData\Roaming\npm-cache\repl\0.1.3\package\package.json not in flight; writing
283 verbose afterAdd C:\Users\D692832\AppData\Roaming\npm-cache\repl\0.1.3\package\package.json written
284 silly install resolved [ { name: 'underscore',
284 silly install resolved     description: 'JavaScript\'s functional programming helper library.',
284 silly install resolved     homepage: 'http://underscorejs.org',
284 silly install resolved     keywords: [ 'util', 'functional', 'server', 'client', 'browser' ],
284 silly install resolved     author: { name: 'Jeremy Ashkenas', email: 'jeremy@documentcloud.org' },
284 silly install resolved     repository:
284 silly install resolved      { type: 'git',
284 silly install resolved        url: 'git://github.com/jashkenas/underscore.git' },
284 silly install resolved     main: 'underscore.js',
284 silly install resolved     version: '1.8.2',
284 silly install resolved     devDependencies:
284 silly install resolved      { docco: '*',
284 silly install resolved        eslint: '0.6.x',
284 silly install resolved        karma: '~0.12.31',
284 silly install resolved        'karma-qunit': '~0.1.4',
284 silly install resolved        'qunit-cli': '~0.2.0',
284 silly install resolved        'uglify-js': '2.4.x' },
284 silly install resolved     scripts:
284 silly install resolved      { test: 'npm run test-node && npm run lint',
284 silly install resolved        lint: 'eslint underscore.js test/*.js',
284 silly install resolved        'test-node': 'qunit-cli test/*.js',
284 silly install resolved        'test-browser': 'npm i karma-phantomjs-launcher && ./node_modules/karma/bin/karma start',
284 silly install resolved        build: 'uglifyjs underscore.js -c "evaluate=false" --comments "/    .*/" -m --source-map underscore-min.map -o underscore-min.js',
284 silly install resolved        doc: 'docco underscore.js' },
284 silly install resolved     license: 'MIT',
284 silly install resolved     files:
284 silly install resolved      [ 'underscore.js',
284 silly install resolved        'underscore-min.js',
284 silly install resolved        'underscore-min.map',
284 silly install resolved        'LICENSE' ],
284 silly install resolved     gitHead: '19db749b190a7cb5a8b7ab1aab42c0e9dc517250',
284 silly install resolved     bugs: { url: 'https://github.com/jashkenas/underscore/issues' },
284 silly install resolved     _id: 'underscore@1.8.2',
284 silly install resolved     _shasum: '64df2eb590899de950782f3735190ba42ebf311d',
284 silly install resolved     _from: 'underscore@1.8.2',
284 silly install resolved     _npmVersion: '1.4.28',
284 silly install resolved     _npmUser: { name: 'jashkenas', email: 'jashkenas@gmail.com' },
284 silly install resolved     maintainers: [ [Object] ],
284 silly install resolved     dist:
284 silly install resolved      { shasum: '64df2eb590899de950782f3735190ba42ebf311d',
284 silly install resolved        tarball: 'http://registry.npmjs.org/underscore/-/underscore-1.8.2.tgz' },
284 silly install resolved     directories: {},
284 silly install resolved     _resolved: 'https://registry.npmjs.org/underscore/-/underscore-1.8.2.tgz',
284 silly install resolved     readme: 'ERROR: No README data found!' },
284 silly install resolved   { name: 'coffee-script',
284 silly install resolved     description: 'Unfancy JavaScript',
284 silly install resolved     keywords: [ 'javascript', 'language', 'coffeescript', 'compiler' ],
284 silly install resolved     author: { name: 'Jeremy Ashkenas' },
284 silly install resolved     version: '1.9.1',
284 silly install resolved     license: 'MIT',
284 silly install resolved     engines: { node: '>=0.8.0' },
284 silly install resolved     directories: { lib: './lib/coffee-script' },
284 silly install resolved     main: './lib/coffee-script/coffee-script',
284 silly install resolved     bin: { coffee: './bin/coffee', cake: './bin/cake' },
284 silly install resolved     preferGlobal: true,
284 silly install resolved     scripts:
284 silly install resolved      { test: 'node ./bin/cake test',
284 silly install resolved        'test-harmony': 'node --harmony ./bin/cake test' },
284 silly install resolved     homepage: 'http://coffeescript.org',
284 silly install resolved     bugs: { url: 'https://github.com/jashkenas/coffeescript/issues' },
284 silly install resolved     repository:
284 silly install resolved      { type: 'git',
284 silly install resolved        url: 'git://github.com/jashkenas/coffeescript.git' },
284 silly install resolved     devDependencies:
284 silly install resolved      { 'uglify-js': '~2.2',
284 silly install resolved        jison: '>=0.2.0',
284 silly install resolved        'highlight.js': '~8.0.0',
284 silly install resolved        underscore: '~1.5.2',
284 silly install resolved        docco: '~0.7.0' },
284 silly install resolved     gitHead: '533ad8afe920b2dbf64ffb00efda45648242cc24',
284 silly install resolved     _id: 'coffee-script@1.9.1',
284 silly install resolved     _shasum: 'c458d02200f460d064a79cb6ab1ee6e2c9ca1c31',
284 silly install resolved     _from: 'coffee-script@1.9.1',
284 silly install resolved     _npmVersion: '1.4.28',
284 silly install resolved     _npmUser: { name: 'jashkenas', email: 'jashkenas@gmail.com' },
284 silly install resolved     maintainers: [ [Object], [Object] ],
284 silly install resolved     dist:
284 silly install resolved      { shasum: 'c458d02200f460d064a79cb6ab1ee6e2c9ca1c31',
284 silly install resolved        tarball: 'http://registry.npmjs.org/coffee-script/-/coffee-script-1.9.1.tgz' },
284 silly install resolved     _resolved: 'https://registry.npmjs.org/coffee-script/-/coffee-script-1.9.1.tgz',
284 silly install resolved     readme: 'ERROR: No README data found!' },
284 silly install resolved   { name: 'bindings',
284 silly install resolved     description: 'Helper module for loading your native module\'s .node file',
284 silly install resolved     keywords: [ 'native', 'addon', 'bindings', 'gyp', 'waf', 'c', 'c++' ],
284 silly install resolved     version: '1.2.1',
284 silly install resolved     author:
284 silly install resolved      { name: 'Nathan Rajlich',
284 silly install resolved        email: 'nathan@tootallnate.net',
284 silly install resolved        url: 'http://tootallnate.net' },
284 silly install resolved     repository:
284 silly install resolved      { type: 'git',
284 silly install resolved        url: 'git://github.com/TooTallNate/node-bindings.git' },
284 silly install resolved     main: './bindings.js',
284 silly install resolved     bugs: { url: 'https://github.com/TooTallNate/node-bindings/issues' },
284 silly install resolved     homepage: 'https://github.com/TooTallNate/node-bindings',
284 silly install resolved     license: 'MIT',
284 silly install resolved     gitHead: 'e404152ee27f8478ccbc7122ee051246e8e5ec02',
284 silly install resolved     _id: 'bindings@1.2.1',
284 silly install resolved     scripts: {},
284 silly install resolved     _shasum: '14ad6113812d2d37d72e67b4cacb4bb726505f11',
284 silly install resolved     _from: 'bindings@1.2.1',
284 silly install resolved     _npmVersion: '1.4.14',
284 silly install resolved     _npmUser: { name: 'tootallnate', email: 'nathan@tootallnate.net' },
284 silly install resolved     maintainers: [ [Object], [Object] ],
284 silly install resolved     dist:
284 silly install resolved      { shasum: '14ad6113812d2d37d72e67b4cacb4bb726505f11',
284 silly install resolved        tarball: 'http://registry.npmjs.org/bindings/-/bindings-1.2.1.tgz' },
284 silly install resolved     directories: {},
284 silly install resolved     _resolved: 'https://registry.npmjs.org/bindings/-/bindings-1.2.1.tgz',
284 silly install resolved     readme: 'ERROR: No README data found!' },
284 silly install resolved   { name: 'repl',
284 silly install resolved     author: { name: 'Firejune', url: 'http://firejune.com/' },
284 silly install resolved     version: '0.1.3',
284 silly install resolved     description: 'A simple fast template libray.',
284 silly install resolved     homepage: 'http://github.com/firejune/repl',
284 silly install resolved     keywords: [ 'template', 'engine', 'repl' ],
284 silly install resolved     main: 'lib/template',
284 silly install resolved     directories: { lib: 'lib' },
284 silly install resolved     repository: { type: 'git', url: 'git://github.com/firejune/repl.git' },
284 silly install resolved     licenses: [ [Object] ],
284 silly install resolved     bugs: { url: 'http://github.com/firejune/repl/issues' },
284 silly install resolved     engines: { node: '>= 0.4.0' },
284 silly install resolved     _npmUser: { name: 'firejune', email: 'to@firejune.com' },
284 silly install resolved     _id: 'repl@0.1.3',
284 silly install resolved     dependencies: {},
284 silly install resolved     devDependencies: {},
284 silly install resolved     _engineSupported: true,
284 silly install resolved     _npmVersion: '1.0.94',
284 silly install resolved     _nodeVersion: 'v0.4.12',
284 silly install resolved     _defaultsLoaded: true,
284 silly install resolved     dist:
284 silly install resolved      { shasum: '2f05d42b0c88b43d05ccbda10ed14aeff5699b60',
284 silly install resolved        tarball: 'http://registry.npmjs.org/repl/-/repl-0.1.3.tgz' },
284 silly install resolved     maintainers: [ [Object] ],
284 silly install resolved     _shasum: '2f05d42b0c88b43d05ccbda10ed14aeff5699b60',
284 silly install resolved     _resolved: 'https://registry.npmjs.org/repl/-/repl-0.1.3.tgz',
284 silly install resolved     _from: 'repl@0.1.3',
284 silly install resolved     readme: 'ERROR: No README data found!' } ]
285 info install underscore@1.8.2 into C:\JAVIER\node\Domotica\node_modules\cylon-raspi\node_modules\i2c
286 info install coffee-script@1.9.1 into C:\JAVIER\node\Domotica\node_modules\cylon-raspi\node_modules\i2c
287 info install bindings@1.2.1 into C:\JAVIER\node\Domotica\node_modules\cylon-raspi\node_modules\i2c
288 info install repl@0.1.3 into C:\JAVIER\node\Domotica\node_modules\cylon-raspi\node_modules\i2c
289 info installOne underscore@1.8.2
290 verbose installOne of underscore to C:\JAVIER\node\Domotica\node_modules\cylon-raspi\node_modules\i2c not in flight; installing
291 info installOne coffee-script@1.9.1
292 verbose installOne of coffee-script to C:\JAVIER\node\Domotica\node_modules\cylon-raspi\node_modules\i2c not in flight; installing
293 info installOne bindings@1.2.1
294 verbose installOne of bindings to C:\JAVIER\node\Domotica\node_modules\cylon-raspi\node_modules\i2c not in flight; installing
295 info installOne repl@0.1.3
296 verbose installOne of repl to C:\JAVIER\node\Domotica\node_modules\cylon-raspi\node_modules\i2c not in flight; installing
297 verbose lock using C:\Users\D692832\AppData\Roaming\npm-cache\_locks\bindings-03c69cef503a3dec.lock for C:\JAVIER\node\Domotica\node_modules\cylon-raspi\node_modules\i2c\node_modules\bindings
298 verbose lock using C:\Users\D692832\AppData\Roaming\npm-cache\_locks\underscore-c2ba485b16a32b90.lock for C:\JAVIER\node\Domotica\node_modules\cylon-raspi\node_modules\i2c\node_modules\underscore
299 verbose lock using C:\Users\D692832\AppData\Roaming\npm-cache\_locks\repl-db31f71206bef34a.lock for C:\JAVIER\node\Domotica\node_modules\cylon-raspi\node_modules\i2c\node_modules\repl
300 verbose lock using C:\Users\D692832\AppData\Roaming\npm-cache\_locks\coffee-script-920627b9370edb60.lock for C:\JAVIER\node\Domotica\node_modules\cylon-raspi\node_modules\i2c\node_modules\coffee-script
301 silly install write writing bindings 1.2.1 to C:\JAVIER\node\Domotica\node_modules\cylon-raspi\node_modules\i2c\node_modules\bindings
302 silly install write writing underscore 1.8.2 to C:\JAVIER\node\Domotica\node_modules\cylon-raspi\node_modules\i2c\node_modules\underscore
303 silly install write writing repl 0.1.3 to C:\JAVIER\node\Domotica\node_modules\cylon-raspi\node_modules\i2c\node_modules\repl
304 silly install write writing coffee-script 1.9.1 to C:\JAVIER\node\Domotica\node_modules\cylon-raspi\node_modules\i2c\node_modules\coffee-script
305 verbose unbuild node_modules\cylon-raspi\node_modules\i2c\node_modules\bindings
306 verbose unbuild node_modules\cylon-raspi\node_modules\i2c\node_modules\underscore
307 verbose unbuild node_modules\cylon-raspi\node_modules\i2c\node_modules\repl
308 silly gentlyRm C:\JAVIER\node\Domotica\node_modules\cylon-raspi\node_modules\i2c\node_modules\bindings is being purged from base C:\JAVIER\node\Domotica
309 verbose gentlyRm don't care about contents; nuking C:\JAVIER\node\Domotica\node_modules\cylon-raspi\node_modules\i2c\node_modules\bindings
310 silly gentlyRm C:\JAVIER\node\Domotica\node_modules\cylon-raspi\node_modules\i2c\node_modules\underscore is being purged from base C:\JAVIER\node\Domotica
311 verbose gentlyRm don't care about contents; nuking C:\JAVIER\node\Domotica\node_modules\cylon-raspi\node_modules\i2c\node_modules\underscore
312 verbose unbuild node_modules\cylon-raspi\node_modules\i2c\node_modules\coffee-script
313 verbose tar unpack C:\Users\D692832\AppData\Roaming\npm-cache\bindings\1.2.1\package.tgz
314 verbose tar unpacking to C:\JAVIER\node\Domotica\node_modules\cylon-raspi\node_modules\i2c\node_modules\bindings
315 silly gentlyRm C:\JAVIER\node\Domotica\node_modules\cylon-raspi\node_modules\i2c\node_modules\bindings is being purged
316 verbose gentlyRm don't care about contents; nuking C:\JAVIER\node\Domotica\node_modules\cylon-raspi\node_modules\i2c\node_modules\bindings
317 silly gentlyRm C:\JAVIER\node\Domotica\node_modules\cylon-raspi\node_modules\i2c\node_modules\repl is being purged from base C:\JAVIER\node\Domotica
318 verbose gentlyRm don't care about contents; nuking C:\JAVIER\node\Domotica\node_modules\cylon-raspi\node_modules\i2c\node_modules\repl
319 verbose tar unpack C:\Users\D692832\AppData\Roaming\npm-cache\underscore\1.8.2\package.tgz
320 verbose tar unpacking to C:\JAVIER\node\Domotica\node_modules\cylon-raspi\node_modules\i2c\node_modules\underscore
321 silly gentlyRm C:\JAVIER\node\Domotica\node_modules\cylon-raspi\node_modules\i2c\node_modules\underscore is being purged
322 verbose gentlyRm don't care about contents; nuking C:\JAVIER\node\Domotica\node_modules\cylon-raspi\node_modules\i2c\node_modules\underscore
323 silly gunzTarPerm modes [ '777', '666' ]
324 verbose tar unpack C:\Users\D692832\AppData\Roaming\npm-cache\repl\0.1.3\package.tgz
325 verbose tar unpacking to C:\JAVIER\node\Domotica\node_modules\cylon-raspi\node_modules\i2c\node_modules\repl
326 silly gentlyRm C:\JAVIER\node\Domotica\node_modules\cylon-raspi\node_modules\i2c\node_modules\repl is being purged
327 verbose gentlyRm don't care about contents; nuking C:\JAVIER\node\Domotica\node_modules\cylon-raspi\node_modules\i2c\node_modules\repl
328 silly gunzTarPerm modes [ '777', '666' ]
329 silly gentlyRm C:\JAVIER\node\Domotica\node_modules\cylon-raspi\node_modules\i2c\node_modules\coffee-script is being purged from base C:\JAVIER\node\Domotica
330 verbose gentlyRm don't care about contents; nuking C:\JAVIER\node\Domotica\node_modules\cylon-raspi\node_modules\i2c\node_modules\coffee-script
331 silly gunzTarPerm modes [ '777', '666' ]
332 verbose tar unpack C:\Users\D692832\AppData\Roaming\npm-cache\coffee-script\1.9.1\package.tgz
333 verbose tar unpacking to C:\JAVIER\node\Domotica\node_modules\cylon-raspi\node_modules\i2c\node_modules\coffee-script
334 silly gentlyRm C:\JAVIER\node\Domotica\node_modules\cylon-raspi\node_modules\i2c\node_modules\coffee-script is being purged
335 verbose gentlyRm don't care about contents; nuking C:\JAVIER\node\Domotica\node_modules\cylon-raspi\node_modules\i2c\node_modules\coffee-script
336 silly gunzTarPerm modes [ '777', '666' ]
337 silly gunzTarPerm extractEntry package.json
338 silly gunzTarPerm modified mode [ 'package.json', 420, 438 ]
339 silly gunzTarPerm extractEntry package.json
340 silly gunzTarPerm modified mode [ 'package.json', 420, 438 ]
341 silly gunzTarPerm extractEntry test.js
342 silly gunzTarPerm modified mode [ 'test.js', 420, 438 ]
343 silly gunzTarPerm extractEntry package.json
344 silly gunzTarPerm modified mode [ 'package.json', 420, 438 ]
345 silly gunzTarPerm extractEntry README.md
346 silly gunzTarPerm modified mode [ 'README.md', 420, 438 ]
347 silly gunzTarPerm extractEntry bindings.js
348 silly gunzTarPerm modified mode [ 'bindings.js', 420, 438 ]
349 silly gunzTarPerm extractEntry README.md
350 silly gunzTarPerm modified mode [ 'README.md', 420, 438 ]
351 silly gunzTarPerm extractEntry LICENSE
352 silly gunzTarPerm modified mode [ 'LICENSE', 420, 438 ]
353 silly gunzTarPerm extractEntry README.md
354 silly gunzTarPerm modified mode [ 'README.md', 420, 438 ]
355 silly gunzTarPerm extractEntry package.json
356 silly gunzTarPerm modified mode [ 'package.json', 420, 438 ]
357 silly gunzTarPerm extractEntry .npmignore
358 silly gunzTarPerm modified mode [ '.npmignore', 420, 438 ]
359 silly gunzTarPerm extractEntry README
360 silly gunzTarPerm modified mode [ 'README', 420, 438 ]
361 silly gunzTarPerm extractEntry underscore.js
362 silly gunzTarPerm modified mode [ 'underscore.js', 420, 438 ]
363 silly gunzTarPerm extractEntry underscore-min.js
364 silly gunzTarPerm modified mode [ 'underscore-min.js', 420, 438 ]
365 silly gunzTarPerm extractEntry underscore-min.map
366 silly gunzTarPerm modified mode [ 'underscore-min.map', 420, 438 ]
367 silly gunzTarPerm extractEntry index.js
368 silly gunzTarPerm modified mode [ 'index.js', 420, 438 ]
369 silly gunzTarPerm extractEntry lib/repl.js
370 silly gunzTarPerm modified mode [ 'lib/repl.js', 420, 438 ]
371 silly gunzTarPerm extractEntry README.md
372 silly gunzTarPerm modified mode [ 'README.md', 420, 438 ]
373 silly gunzTarPerm extractEntry LICENSE
374 silly gunzTarPerm modified mode [ 'LICENSE', 420, 438 ]
375 silly gunzTarPerm extractEntry register.js
376 silly gunzTarPerm modified mode [ 'register.js', 420, 438 ]
377 silly gunzTarPerm extractEntry repl.js
378 silly gunzTarPerm modified mode [ 'repl.js', 420, 438 ]
379 silly gunzTarPerm extractEntry bin/cake
380 silly gunzTarPerm modified mode [ 'bin/cake', 493, 511 ]
381 silly gunzTarPerm extractEntry bin/coffee
382 silly gunzTarPerm modified mode [ 'bin/coffee', 493, 511 ]
383 silly gunzTarPerm extractEntry bower.json
384 silly gunzTarPerm modified mode [ 'bower.json', 420, 438 ]
385 silly gunzTarPerm extractEntry lib/coffee-script/browser.js
386 silly gunzTarPerm modified mode [ 'lib/coffee-script/browser.js', 420, 438 ]
387 verbose write writing to C:\JAVIER\node\Domotica\node_modules\cylon-raspi\node_modules\i2c\node_modules\bindings\package.json
388 info preinstall bindings@1.2.1
389 silly gunzTarPerm extractEntry lib/coffee-script/grammar.js
390 silly gunzTarPerm modified mode [ 'lib/coffee-script/grammar.js', 420, 438 ]
391 silly gunzTarPerm extractEntry lib/coffee-script/helpers.js
392 silly gunzTarPerm modified mode [ 'lib/coffee-script/helpers.js', 420, 438 ]
393 verbose readDependencies loading dependencies from C:\JAVIER\node\Domotica\node_modules\cylon-raspi\node_modules\i2c\node_modules\bindings\package.json
394 verbose write writing to C:\JAVIER\node\Domotica\node_modules\cylon-raspi\node_modules\i2c\node_modules\repl\package.json
395 verbose readDependencies loading dependencies from C:\JAVIER\node\Domotica\node_modules\cylon-raspi\node_modules\i2c\node_modules\bindings\package.json
396 info preinstall repl@0.1.3
397 silly gunzTarPerm extractEntry lib/coffee-script/index.js
398 silly gunzTarPerm modified mode [ 'lib/coffee-script/index.js', 420, 438 ]
399 silly gunzTarPerm extractEntry lib/coffee-script/lexer.js
400 silly gunzTarPerm modified mode [ 'lib/coffee-script/lexer.js', 420, 438 ]
401 verbose readDependencies loading dependencies from C:\JAVIER\node\Domotica\node_modules\cylon-raspi\node_modules\i2c\node_modules\repl\package.json
402 silly install resolved []
403 verbose about to build C:\JAVIER\node\Domotica\node_modules\cylon-raspi\node_modules\i2c\node_modules\bindings
404 info build C:\JAVIER\node\Domotica\node_modules\cylon-raspi\node_modules\i2c\node_modules\bindings
405 verbose readDependencies loading dependencies from C:\JAVIER\node\Domotica\node_modules\cylon-raspi\node_modules\i2c\node_modules\repl\package.json
406 silly gunzTarPerm extractEntry lib/coffee-script/command.js
407 silly gunzTarPerm modified mode [ 'lib/coffee-script/command.js', 420, 438 ]
408 silly gunzTarPerm extractEntry lib/coffee-script/optparse.js
409 silly gunzTarPerm modified mode [ 'lib/coffee-script/optparse.js', 420, 438 ]
410 info linkStuff bindings@1.2.1
411 silly linkStuff bindings@1.2.1 has C:\JAVIER\node\Domotica\node_modules\cylon-raspi\node_modules\i2c\node_modules as its parent node_modules
412 silly install resolved []
413 verbose about to build C:\JAVIER\node\Domotica\node_modules\cylon-raspi\node_modules\i2c\node_modules\repl
414 info build C:\JAVIER\node\Domotica\node_modules\cylon-raspi\node_modules\i2c\node_modules\repl
415 info linkStuff repl@0.1.3
416 silly linkStuff repl@0.1.3 has C:\JAVIER\node\Domotica\node_modules\cylon-raspi\node_modules\i2c\node_modules as its parent node_modules
417 verbose linkBins bindings@1.2.1
418 verbose linkMans bindings@1.2.1
419 verbose rebuildBundles bindings@1.2.1
420 silly gunzTarPerm extractEntry lib/coffee-script/parser.js
421 silly gunzTarPerm modified mode [ 'lib/coffee-script/parser.js', 493, 511 ]
422 silly gunzTarPerm extractEntry lib/coffee-script/register.js
423 silly gunzTarPerm modified mode [ 'lib/coffee-script/register.js', 420, 438 ]
424 info install bindings@1.2.1
425 info postinstall bindings@1.2.1
426 verbose write writing to C:\JAVIER\node\Domotica\node_modules\cylon-raspi\node_modules\i2c\node_modules\underscore\package.json
427 verbose unlock done using C:\Users\D692832\AppData\Roaming\npm-cache\_locks\bindings-03c69cef503a3dec.lock for C:\JAVIER\node\Domotica\node_modules\cylon-raspi\node_modules\i2c\node_modules\bindings
428 verbose linkBins repl@0.1.3
429 verbose linkMans repl@0.1.3
430 verbose rebuildBundles repl@0.1.3
431 silly gunzTarPerm extractEntry lib/coffee-script/repl.js
432 silly gunzTarPerm modified mode [ 'lib/coffee-script/repl.js', 420, 438 ]
433 silly gunzTarPerm extractEntry lib/coffee-script/rewriter.js
434 silly gunzTarPerm modified mode [ 'lib/coffee-script/rewriter.js', 420, 438 ]
435 info preinstall underscore@1.8.2
436 info install repl@0.1.3
437 verbose readDependencies loading dependencies from C:\JAVIER\node\Domotica\node_modules\cylon-raspi\node_modules\i2c\node_modules\underscore\package.json
438 info postinstall repl@0.1.3
439 verbose unlock done using C:\Users\D692832\AppData\Roaming\npm-cache\_locks\repl-db31f71206bef34a.lock for C:\JAVIER\node\Domotica\node_modules\cylon-raspi\node_modules\i2c\node_modules\repl
440 verbose readDependencies loading dependencies from C:\JAVIER\node\Domotica\node_modules\cylon-raspi\node_modules\i2c\node_modules\underscore\package.json
441 silly gunzTarPerm extractEntry lib/coffee-script/coffee-script.js
442 silly gunzTarPerm modified mode [ 'lib/coffee-script/coffee-script.js', 420, 438 ]
443 silly gunzTarPerm extractEntry lib/coffee-script/scope.js
444 silly gunzTarPerm modified mode [ 'lib/coffee-script/scope.js', 420, 438 ]
445 silly install resolved []
446 verbose about to build C:\JAVIER\node\Domotica\node_modules\cylon-raspi\node_modules\i2c\node_modules\underscore
447 info build C:\JAVIER\node\Domotica\node_modules\cylon-raspi\node_modules\i2c\node_modules\underscore
448 info linkStuff underscore@1.8.2
449 silly linkStuff underscore@1.8.2 has C:\JAVIER\node\Domotica\node_modules\cylon-raspi\node_modules\i2c\node_modules as its parent node_modules
450 verbose linkBins underscore@1.8.2
451 verbose linkMans underscore@1.8.2
452 verbose rebuildBundles underscore@1.8.2
453 info install underscore@1.8.2
454 info postinstall underscore@1.8.2
455 silly gunzTarPerm extractEntry lib/coffee-script/cake.js
456 silly gunzTarPerm modified mode [ 'lib/coffee-script/cake.js', 420, 438 ]
457 silly gunzTarPerm extractEntry lib/coffee-script/sourcemap.js
458 silly gunzTarPerm modified mode [ 'lib/coffee-script/sourcemap.js', 420, 438 ]
459 silly gunzTarPerm extractEntry lib/coffee-script/nodes.js
460 silly gunzTarPerm modified mode [ 'lib/coffee-script/nodes.js', 420, 438 ]
461 verbose unlock done using C:\Users\D692832\AppData\Roaming\npm-cache\_locks\underscore-c2ba485b16a32b90.lock for C:\JAVIER\node\Domotica\node_modules\cylon-raspi\node_modules\i2c\node_modules\underscore
462 silly gunzTarPerm extractEntry CNAME
463 silly gunzTarPerm modified mode [ 'CNAME', 420, 438 ]
464 silly gunzTarPerm extractEntry CONTRIBUTING.md
465 silly gunzTarPerm modified mode [ 'CONTRIBUTING.md', 420, 438 ]
466 verbose write writing to C:\JAVIER\node\Domotica\node_modules\cylon-raspi\node_modules\i2c\node_modules\coffee-script\package.json
467 info preinstall coffee-script@1.9.1
468 verbose readDependencies loading dependencies from C:\JAVIER\node\Domotica\node_modules\cylon-raspi\node_modules\i2c\node_modules\coffee-script\package.json
469 verbose readDependencies loading dependencies from C:\JAVIER\node\Domotica\node_modules\cylon-raspi\node_modules\i2c\node_modules\coffee-script\package.json
470 silly install resolved []
471 verbose about to build C:\JAVIER\node\Domotica\node_modules\cylon-raspi\node_modules\i2c\node_modules\coffee-script
472 info build C:\JAVIER\node\Domotica\node_modules\cylon-raspi\node_modules\i2c\node_modules\coffee-script
473 info linkStuff coffee-script@1.9.1
474 silly linkStuff coffee-script@1.9.1 has C:\JAVIER\node\Domotica\node_modules\cylon-raspi\node_modules\i2c\node_modules as its parent node_modules
475 verbose linkBins coffee-script@1.9.1
476 verbose link bins [ { coffee: './bin/coffee', cake: './bin/cake' },
476 verbose link bins   'C:\\JAVIER\\node\\Domotica\\node_modules\\cylon-raspi\\node_modules\\i2c\\node_modules\\.bin',
476 verbose link bins   false ]
477 verbose linkMans coffee-script@1.9.1
478 verbose rebuildBundles coffee-script@1.9.1
479 info install coffee-script@1.9.1
480 info postinstall coffee-script@1.9.1
481 verbose unlock done using C:\Users\D692832\AppData\Roaming\npm-cache\_locks\coffee-script-920627b9370edb60.lock for C:\JAVIER\node\Domotica\node_modules\cylon-raspi\node_modules\i2c\node_modules\coffee-script
482 verbose about to build C:\JAVIER\node\Domotica\node_modules\cylon-raspi\node_modules\i2c
483 info build C:\JAVIER\node\Domotica\node_modules\cylon-raspi\node_modules\i2c
484 info linkStuff i2c@0.2.1
485 silly linkStuff i2c@0.2.1 has C:\JAVIER\node\Domotica\node_modules\cylon-raspi\node_modules as its parent node_modules
486 verbose linkBins i2c@0.2.1
487 verbose linkMans i2c@0.2.1
488 verbose rebuildBundles i2c@0.2.1
489 verbose rebuildBundles [ '.bin', 'bindings', 'coffee-script', 'repl', 'underscore' ]
490 info install i2c@0.2.1
491 verbose unsafe-perm in lifecycle true
492 info i2c@0.2.1 Failed to exec install script
493 verbose unlock done using C:\Users\D692832\AppData\Roaming\npm-cache\_locks\i2c-2e6c0240f5f56793.lock for C:\JAVIER\node\Domotica\node_modules\cylon-raspi\node_modules\i2c
494 verbose about to build C:\JAVIER\node\Domotica\node_modules\cylon-raspi
495 verbose unlock done using C:\Users\D692832\AppData\Roaming\npm-cache\_locks\cylon-raspi-9bdf8ed318b7a79d.lock for C:\JAVIER\node\Domotica\node_modules\cylon-raspi
496 verbose stack Error: i2c@0.2.1 install: `node-gyp rebuild`
496 verbose stack Exit status 1
496 verbose stack     at EventEmitter.<anonymous> (C:\Program Files\nodejs\node_modules\npm\lib\utils\lifecycle.js:214:16)
496 verbose stack     at emitTwo (events.js:87:13)
496 verbose stack     at EventEmitter.emit (events.js:172:7)
496 verbose stack     at ChildProcess.<anonymous> (C:\Program Files\nodejs\node_modules\npm\lib\utils\spawn.js:24:14)
496 verbose stack     at emitTwo (events.js:87:13)
496 verbose stack     at ChildProcess.emit (events.js:172:7)
496 verbose stack     at maybeClose (internal/child_process.js:818:16)
496 verbose stack     at Process.ChildProcess._handle.onexit (internal/child_process.js:211:5)
497 verbose pkgid i2c@0.2.1
498 verbose cwd C:\JAVIER\node\Domotica
499 error Windows_NT 6.1.7601
500 error argv "C:\\Program Files\\nodejs\\node.exe" "C:\\Program Files\\nodejs\\node_modules\\npm\\bin\\npm-cli.js" "install" "cylon-raspi"
501 error node v4.2.1
502 error npm  v2.14.7
503 error code ELIFECYCLE
504 error i2c@0.2.1 install: `node-gyp rebuild`
504 error Exit status 1
505 error Failed at the i2c@0.2.1 install script 'node-gyp rebuild'.
505 error This is most likely a problem with the i2c package,
505 error not with npm itself.
505 error Tell the author that this fails on your system:
505 error     node-gyp rebuild
505 error You can get their info via:
505 error     npm owner ls i2c
505 error There is likely additional logging output above.
506 verbose exit [ 1, true ]
507 verbose unbuild node_modules\cylon-raspi\node_modules\i2c
508 info preuninstall i2c@0.2.1
509 info uninstall i2c@0.2.1
510 verbose unbuild rmStuff i2c@0.2.1 from C:\JAVIER\node\Domotica\node_modules
511 verbose unbuild rmStuff in C:\JAVIER\node\Domotica\node_modules\cylon-raspi\node_modules
512 info postuninstall i2c@0.2.1
513 silly gentlyRm C:\JAVIER\node\Domotica\node_modules\cylon-raspi\node_modules\i2c is being purged from base C:\JAVIER\node\Domotica
514 verbose gentlyRm don't care about contents; nuking C:\JAVIER\node\Domotica\node_modules\cylon-raspi\node_modules\i2c
515 silly vacuum-fs purging C:\JAVIER\node\Domotica\node_modules\cylon-raspi\node_modules\i2c
516 silly vacuum-fs removing C:\JAVIER\node\Domotica\node_modules\cylon-raspi\node_modules
517 silly vacuum-fs quitting because other entries in C:\JAVIER\node\Domotica\node_modules\cylon-raspi
518 verbose unbuild node_modules\cylon-raspi
519 info preuninstall cylon-raspi@0.10.0
520 info uninstall cylon-raspi@0.10.0
521 verbose unbuild rmStuff cylon-raspi@0.10.0 from C:\JAVIER\node\Domotica\node_modules
522 info postuninstall cylon-raspi@0.10.0
523 silly gentlyRm C:\JAVIER\node\Domotica\node_modules\cylon-raspi is being purged from base C:\JAVIER\node\Domotica
524 verbose gentlyRm don't care about contents; nuking C:\JAVIER\node\Domotica\node_modules\cylon-raspi
525 silly vacuum-fs purging C:\JAVIER\node\Domotica\node_modules\cylon-raspi
526 silly vacuum-fs quitting because other entries in C:\JAVIER\node\Domotica\node_modules
